<?xml version="1.0" encoding="UTF-8"?>
<testsuite xmlns:xsi="http://www.w3.org/2001/XMLSchema-instance" xsi:noNamespaceSchemaLocation="https://maven.apache.org/surefire/maven-surefire-plugin/xsd/surefire-test-report.xsd" name="com.briup.apps.zhaopin.ZhaopinApplicationTests" time="9.02" tests="1" errors="0" skipped="0" failures="0">
  <properties>
    <property name="gopherProxySet" value="false"/>
    <property name="awt.toolkit" value="sun.lwawt.macosx.LWCToolkit"/>
    <property name="file.encoding.pkg" value="sun.io"/>
    <property name="java.specification.version" value="1.8"/>
    <property name="sun.cpu.isalist" value=""/>
    <property name="sun.jnu.encoding" value="UTF-8"/>
    <property name="java.class.path" value="/Users/mac/Desktop/server/zhaopin/target/test-classes:/Users/mac/Desktop/server/zhaopin/target/classes:/Users/mac/MavenRepository/org/springframework/boot/spring-boot-starter-web/2.1.5.RELEASE/spring-boot-starter-web-2.1.5.RELEASE.jar:/Users/mac/MavenRepository/org/springframework/boot/spring-boot-starter/2.1.5.RELEASE/spring-boot-starter-2.1.5.RELEASE.jar:/Users/mac/MavenRepository/org/springframework/boot/spring-boot-starter-logging/2.1.5.RELEASE/spring-boot-starter-logging-2.1.5.RELEASE.jar:/Users/mac/MavenRepository/ch/qos/logback/logback-classic/1.2.3/logback-classic-1.2.3.jar:/Users/mac/MavenRepository/ch/qos/logback/logback-core/1.2.3/logback-core-1.2.3.jar:/Users/mac/MavenRepository/org/apache/logging/log4j/log4j-to-slf4j/2.11.2/log4j-to-slf4j-2.11.2.jar:/Users/mac/MavenRepository/org/apache/logging/log4j/log4j-api/2.11.2/log4j-api-2.11.2.jar:/Users/mac/MavenRepository/org/slf4j/jul-to-slf4j/1.7.26/jul-to-slf4j-1.7.26.jar:/Users/mac/MavenRepository/javax/annotation/javax.annotation-api/1.3.2/javax.annotation-api-1.3.2.jar:/Users/mac/MavenRepository/org/yaml/snakeyaml/1.23/snakeyaml-1.23.jar:/Users/mac/MavenRepository/org/springframework/boot/spring-boot-starter-json/2.1.5.RELEASE/spring-boot-starter-json-2.1.5.RELEASE.jar:/Users/mac/MavenRepository/com/fasterxml/jackson/core/jackson-databind/2.9.8/jackson-databind-2.9.8.jar:/Users/mac/MavenRepository/com/fasterxml/jackson/core/jackson-core/2.9.8/jackson-core-2.9.8.jar:/Users/mac/MavenRepository/com/fasterxml/jackson/datatype/jackson-datatype-jdk8/2.9.8/jackson-datatype-jdk8-2.9.8.jar:/Users/mac/MavenRepository/com/fasterxml/jackson/datatype/jackson-datatype-jsr310/2.9.8/jackson-datatype-jsr310-2.9.8.jar:/Users/mac/MavenRepository/com/fasterxml/jackson/module/jackson-module-parameter-names/2.9.8/jackson-module-parameter-names-2.9.8.jar:/Users/mac/MavenRepository/org/springframework/boot/spring-boot-starter-tomcat/2.1.5.RELEASE/spring-boot-starter-tomcat-2.1.5.RELEASE.jar:/Users/mac/MavenRepository/org/apache/tomcat/embed/tomcat-embed-core/9.0.19/tomcat-embed-core-9.0.19.jar:/Users/mac/MavenRepository/org/apache/tomcat/embed/tomcat-embed-el/9.0.19/tomcat-embed-el-9.0.19.jar:/Users/mac/MavenRepository/org/apache/tomcat/embed/tomcat-embed-websocket/9.0.19/tomcat-embed-websocket-9.0.19.jar:/Users/mac/MavenRepository/org/hibernate/validator/hibernate-validator/6.0.16.Final/hibernate-validator-6.0.16.Final.jar:/Users/mac/MavenRepository/javax/validation/validation-api/2.0.1.Final/validation-api-2.0.1.Final.jar:/Users/mac/MavenRepository/org/jboss/logging/jboss-logging/3.3.2.Final/jboss-logging-3.3.2.Final.jar:/Users/mac/MavenRepository/org/springframework/spring-web/5.1.7.RELEASE/spring-web-5.1.7.RELEASE.jar:/Users/mac/MavenRepository/org/springframework/spring-beans/5.1.7.RELEASE/spring-beans-5.1.7.RELEASE.jar:/Users/mac/MavenRepository/org/springframework/spring-webmvc/5.1.7.RELEASE/spring-webmvc-5.1.7.RELEASE.jar:/Users/mac/MavenRepository/org/springframework/spring-aop/5.1.7.RELEASE/spring-aop-5.1.7.RELEASE.jar:/Users/mac/MavenRepository/org/springframework/spring-context/5.1.7.RELEASE/spring-context-5.1.7.RELEASE.jar:/Users/mac/MavenRepository/org/springframework/spring-expression/5.1.7.RELEASE/spring-expression-5.1.7.RELEASE.jar:/Users/mac/MavenRepository/org/springframework/boot/spring-boot-devtools/2.1.5.RELEASE/spring-boot-devtools-2.1.5.RELEASE.jar:/Users/mac/MavenRepository/org/springframework/boot/spring-boot/2.1.5.RELEASE/spring-boot-2.1.5.RELEASE.jar:/Users/mac/MavenRepository/org/springframework/boot/spring-boot-autoconfigure/2.1.5.RELEASE/spring-boot-autoconfigure-2.1.5.RELEASE.jar:/Users/mac/MavenRepository/org/springframework/boot/spring-boot-starter-test/2.1.5.RELEASE/spring-boot-starter-test-2.1.5.RELEASE.jar:/Users/mac/MavenRepository/org/springframework/boot/spring-boot-test/2.1.5.RELEASE/spring-boot-test-2.1.5.RELEASE.jar:/Users/mac/MavenRepository/org/springframework/boot/spring-boot-test-autoconfigure/2.1.5.RELEASE/spring-boot-test-autoconfigure-2.1.5.RELEASE.jar:/Users/mac/MavenRepository/com/jayway/jsonpath/json-path/2.4.0/json-path-2.4.0.jar:/Users/mac/MavenRepository/net/minidev/json-smart/2.3/json-smart-2.3.jar:/Users/mac/MavenRepository/net/minidev/accessors-smart/1.2/accessors-smart-1.2.jar:/Users/mac/MavenRepository/org/ow2/asm/asm/5.0.4/asm-5.0.4.jar:/Users/mac/MavenRepository/junit/junit/4.12/junit-4.12.jar:/Users/mac/MavenRepository/org/assertj/assertj-core/3.11.1/assertj-core-3.11.1.jar:/Users/mac/MavenRepository/org/mockito/mockito-core/2.23.4/mockito-core-2.23.4.jar:/Users/mac/MavenRepository/net/bytebuddy/byte-buddy/1.9.12/byte-buddy-1.9.12.jar:/Users/mac/MavenRepository/net/bytebuddy/byte-buddy-agent/1.9.12/byte-buddy-agent-1.9.12.jar:/Users/mac/MavenRepository/org/objenesis/objenesis/2.6/objenesis-2.6.jar:/Users/mac/MavenRepository/org/hamcrest/hamcrest-core/1.3/hamcrest-core-1.3.jar:/Users/mac/MavenRepository/org/hamcrest/hamcrest-library/1.3/hamcrest-library-1.3.jar:/Users/mac/MavenRepository/org/skyscreamer/jsonassert/1.5.0/jsonassert-1.5.0.jar:/Users/mac/MavenRepository/org/springframework/spring-core/5.1.7.RELEASE/spring-core-5.1.7.RELEASE.jar:/Users/mac/MavenRepository/org/springframework/spring-jcl/5.1.7.RELEASE/spring-jcl-5.1.7.RELEASE.jar:/Users/mac/MavenRepository/org/springframework/spring-test/5.1.7.RELEASE/spring-test-5.1.7.RELEASE.jar:/Users/mac/MavenRepository/org/xmlunit/xmlunit-core/2.6.2/xmlunit-core-2.6.2.jar:/Users/mac/MavenRepository/io/springfox/springfox-swagger2/2.6.1/springfox-swagger2-2.6.1.jar:/Users/mac/MavenRepository/io/swagger/swagger-annotations/1.5.10/swagger-annotations-1.5.10.jar:/Users/mac/MavenRepository/io/swagger/swagger-models/1.5.10/swagger-models-1.5.10.jar:/Users/mac/MavenRepository/com/fasterxml/jackson/core/jackson-annotations/2.9.0/jackson-annotations-2.9.0.jar:/Users/mac/MavenRepository/io/springfox/springfox-spi/2.6.1/springfox-spi-2.6.1.jar:/Users/mac/MavenRepository/io/springfox/springfox-core/2.6.1/springfox-core-2.6.1.jar:/Users/mac/MavenRepository/io/springfox/springfox-schema/2.6.1/springfox-schema-2.6.1.jar:/Users/mac/MavenRepository/io/springfox/springfox-swagger-common/2.6.1/springfox-swagger-common-2.6.1.jar:/Users/mac/MavenRepository/io/springfox/springfox-spring-web/2.6.1/springfox-spring-web-2.6.1.jar:/Users/mac/MavenRepository/com/google/guava/guava/18.0/guava-18.0.jar:/Users/mac/MavenRepository/com/fasterxml/classmate/1.4.0/classmate-1.4.0.jar:/Users/mac/MavenRepository/org/slf4j/slf4j-api/1.7.26/slf4j-api-1.7.26.jar:/Users/mac/MavenRepository/org/springframework/plugin/spring-plugin-core/1.2.0.RELEASE/spring-plugin-core-1.2.0.RELEASE.jar:/Users/mac/MavenRepository/org/springframework/plugin/spring-plugin-metadata/1.2.0.RELEASE/spring-plugin-metadata-1.2.0.RELEASE.jar:/Users/mac/MavenRepository/org/mapstruct/mapstruct/1.0.0.Final/mapstruct-1.0.0.Final.jar:/Users/mac/MavenRepository/io/springfox/springfox-swagger-ui/2.6.1/springfox-swagger-ui-2.6.1.jar:/Users/mac/MavenRepository/mysql/mysql-connector-java/8.0.16/mysql-connector-java-8.0.16.jar:/Users/mac/MavenRepository/org/mybatis/spring/boot/mybatis-spring-boot-starter/1.3.2/mybatis-spring-boot-starter-1.3.2.jar:/Users/mac/MavenRepository/org/springframework/boot/spring-boot-starter-jdbc/2.1.5.RELEASE/spring-boot-starter-jdbc-2.1.5.RELEASE.jar:/Users/mac/MavenRepository/com/zaxxer/HikariCP/3.2.0/HikariCP-3.2.0.jar:/Users/mac/MavenRepository/org/springframework/spring-jdbc/5.1.7.RELEASE/spring-jdbc-5.1.7.RELEASE.jar:/Users/mac/MavenRepository/org/springframework/spring-tx/5.1.7.RELEASE/spring-tx-5.1.7.RELEASE.jar:/Users/mac/MavenRepository/org/mybatis/spring/boot/mybatis-spring-boot-autoconfigure/1.3.2/mybatis-spring-boot-autoconfigure-1.3.2.jar:/Users/mac/MavenRepository/org/mybatis/mybatis/3.4.6/mybatis-3.4.6.jar:/Users/mac/MavenRepository/org/mybatis/mybatis-spring/1.3.2/mybatis-spring-1.3.2.jar:/Users/mac/MavenRepository/com/vaadin/external/google/android-json/0.0.20131108.vaadin1/android-json-0.0.20131108.vaadin1.jar:/Users/mac/MavenRepository/net/sf/json-lib/json-lib/2.4/json-lib-2.4-jdk15.jar:/Users/mac/MavenRepository/commons-beanutils/commons-beanutils/1.8.0/commons-beanutils-1.8.0.jar:/Users/mac/MavenRepository/commons-collections/commons-collections/3.2.1/commons-collections-3.2.1.jar:/Users/mac/MavenRepository/commons-lang/commons-lang/2.5/commons-lang-2.5.jar:/Users/mac/MavenRepository/commons-logging/commons-logging/1.1.1/commons-logging-1.1.1.jar:/Users/mac/MavenRepository/net/sf/ezmorph/ezmorph/1.0.6/ezmorph-1.0.6.jar:"/>
    <property name="java.vm.vendor" value="Oracle Corporation"/>
    <property name="sun.arch.data.model" value="64"/>
    <property name="java.vendor.url" value="http://java.oracle.com/"/>
    <property name="user.timezone" value=""/>
    <property name="java.vm.specification.version" value="1.8"/>
    <property name="os.name" value="Mac OS X"/>
    <property name="user.country" value="CN"/>
    <property name="sun.java.launcher" value="SUN_STANDARD"/>
    <property name="sun.boot.library.path" value="/Library/Java/JavaVirtualMachines/jdk1.8.0_60.jdk/Contents/Home/jre/lib"/>
    <property name="sun.java.command" value="/Users/mac/Desktop/server/zhaopin/target/surefire/surefirebooter6483605566211999715.jar /Users/mac/Desktop/server/zhaopin/target/surefire 2019-12-11T22-18-53_367-jvmRun1 surefire3051174415527779216tmp surefire_03682811046577411912tmp"/>
    <property name="http.nonProxyHosts" value="local|*.local|169.254/16|*.169.254/16"/>
    <property name="surefire.test.class.path" value="/Users/mac/Desktop/server/zhaopin/target/test-classes:/Users/mac/Desktop/server/zhaopin/target/classes:/Users/mac/MavenRepository/org/springframework/boot/spring-boot-starter-web/2.1.5.RELEASE/spring-boot-starter-web-2.1.5.RELEASE.jar:/Users/mac/MavenRepository/org/springframework/boot/spring-boot-starter/2.1.5.RELEASE/spring-boot-starter-2.1.5.RELEASE.jar:/Users/mac/MavenRepository/org/springframework/boot/spring-boot-starter-logging/2.1.5.RELEASE/spring-boot-starter-logging-2.1.5.RELEASE.jar:/Users/mac/MavenRepository/ch/qos/logback/logback-classic/1.2.3/logback-classic-1.2.3.jar:/Users/mac/MavenRepository/ch/qos/logback/logback-core/1.2.3/logback-core-1.2.3.jar:/Users/mac/MavenRepository/org/apache/logging/log4j/log4j-to-slf4j/2.11.2/log4j-to-slf4j-2.11.2.jar:/Users/mac/MavenRepository/org/apache/logging/log4j/log4j-api/2.11.2/log4j-api-2.11.2.jar:/Users/mac/MavenRepository/org/slf4j/jul-to-slf4j/1.7.26/jul-to-slf4j-1.7.26.jar:/Users/mac/MavenRepository/javax/annotation/javax.annotation-api/1.3.2/javax.annotation-api-1.3.2.jar:/Users/mac/MavenRepository/org/yaml/snakeyaml/1.23/snakeyaml-1.23.jar:/Users/mac/MavenRepository/org/springframework/boot/spring-boot-starter-json/2.1.5.RELEASE/spring-boot-starter-json-2.1.5.RELEASE.jar:/Users/mac/MavenRepository/com/fasterxml/jackson/core/jackson-databind/2.9.8/jackson-databind-2.9.8.jar:/Users/mac/MavenRepository/com/fasterxml/jackson/core/jackson-core/2.9.8/jackson-core-2.9.8.jar:/Users/mac/MavenRepository/com/fasterxml/jackson/datatype/jackson-datatype-jdk8/2.9.8/jackson-datatype-jdk8-2.9.8.jar:/Users/mac/MavenRepository/com/fasterxml/jackson/datatype/jackson-datatype-jsr310/2.9.8/jackson-datatype-jsr310-2.9.8.jar:/Users/mac/MavenRepository/com/fasterxml/jackson/module/jackson-module-parameter-names/2.9.8/jackson-module-parameter-names-2.9.8.jar:/Users/mac/MavenRepository/org/springframework/boot/spring-boot-starter-tomcat/2.1.5.RELEASE/spring-boot-starter-tomcat-2.1.5.RELEASE.jar:/Users/mac/MavenRepository/org/apache/tomcat/embed/tomcat-embed-core/9.0.19/tomcat-embed-core-9.0.19.jar:/Users/mac/MavenRepository/org/apache/tomcat/embed/tomcat-embed-el/9.0.19/tomcat-embed-el-9.0.19.jar:/Users/mac/MavenRepository/org/apache/tomcat/embed/tomcat-embed-websocket/9.0.19/tomcat-embed-websocket-9.0.19.jar:/Users/mac/MavenRepository/org/hibernate/validator/hibernate-validator/6.0.16.Final/hibernate-validator-6.0.16.Final.jar:/Users/mac/MavenRepository/javax/validation/validation-api/2.0.1.Final/validation-api-2.0.1.Final.jar:/Users/mac/MavenRepository/org/jboss/logging/jboss-logging/3.3.2.Final/jboss-logging-3.3.2.Final.jar:/Users/mac/MavenRepository/org/springframework/spring-web/5.1.7.RELEASE/spring-web-5.1.7.RELEASE.jar:/Users/mac/MavenRepository/org/springframework/spring-beans/5.1.7.RELEASE/spring-beans-5.1.7.RELEASE.jar:/Users/mac/MavenRepository/org/springframework/spring-webmvc/5.1.7.RELEASE/spring-webmvc-5.1.7.RELEASE.jar:/Users/mac/MavenRepository/org/springframework/spring-aop/5.1.7.RELEASE/spring-aop-5.1.7.RELEASE.jar:/Users/mac/MavenRepository/org/springframework/spring-context/5.1.7.RELEASE/spring-context-5.1.7.RELEASE.jar:/Users/mac/MavenRepository/org/springframework/spring-expression/5.1.7.RELEASE/spring-expression-5.1.7.RELEASE.jar:/Users/mac/MavenRepository/org/springframework/boot/spring-boot-devtools/2.1.5.RELEASE/spring-boot-devtools-2.1.5.RELEASE.jar:/Users/mac/MavenRepository/org/springframework/boot/spring-boot/2.1.5.RELEASE/spring-boot-2.1.5.RELEASE.jar:/Users/mac/MavenRepository/org/springframework/boot/spring-boot-autoconfigure/2.1.5.RELEASE/spring-boot-autoconfigure-2.1.5.RELEASE.jar:/Users/mac/MavenRepository/org/springframework/boot/spring-boot-starter-test/2.1.5.RELEASE/spring-boot-starter-test-2.1.5.RELEASE.jar:/Users/mac/MavenRepository/org/springframework/boot/spring-boot-test/2.1.5.RELEASE/spring-boot-test-2.1.5.RELEASE.jar:/Users/mac/MavenRepository/org/springframework/boot/spring-boot-test-autoconfigure/2.1.5.RELEASE/spring-boot-test-autoconfigure-2.1.5.RELEASE.jar:/Users/mac/MavenRepository/com/jayway/jsonpath/json-path/2.4.0/json-path-2.4.0.jar:/Users/mac/MavenRepository/net/minidev/json-smart/2.3/json-smart-2.3.jar:/Users/mac/MavenRepository/net/minidev/accessors-smart/1.2/accessors-smart-1.2.jar:/Users/mac/MavenRepository/org/ow2/asm/asm/5.0.4/asm-5.0.4.jar:/Users/mac/MavenRepository/junit/junit/4.12/junit-4.12.jar:/Users/mac/MavenRepository/org/assertj/assertj-core/3.11.1/assertj-core-3.11.1.jar:/Users/mac/MavenRepository/org/mockito/mockito-core/2.23.4/mockito-core-2.23.4.jar:/Users/mac/MavenRepository/net/bytebuddy/byte-buddy/1.9.12/byte-buddy-1.9.12.jar:/Users/mac/MavenRepository/net/bytebuddy/byte-buddy-agent/1.9.12/byte-buddy-agent-1.9.12.jar:/Users/mac/MavenRepository/org/objenesis/objenesis/2.6/objenesis-2.6.jar:/Users/mac/MavenRepository/org/hamcrest/hamcrest-core/1.3/hamcrest-core-1.3.jar:/Users/mac/MavenRepository/org/hamcrest/hamcrest-library/1.3/hamcrest-library-1.3.jar:/Users/mac/MavenRepository/org/skyscreamer/jsonassert/1.5.0/jsonassert-1.5.0.jar:/Users/mac/MavenRepository/org/springframework/spring-core/5.1.7.RELEASE/spring-core-5.1.7.RELEASE.jar:/Users/mac/MavenRepository/org/springframework/spring-jcl/5.1.7.RELEASE/spring-jcl-5.1.7.RELEASE.jar:/Users/mac/MavenRepository/org/springframework/spring-test/5.1.7.RELEASE/spring-test-5.1.7.RELEASE.jar:/Users/mac/MavenRepository/org/xmlunit/xmlunit-core/2.6.2/xmlunit-core-2.6.2.jar:/Users/mac/MavenRepository/io/springfox/springfox-swagger2/2.6.1/springfox-swagger2-2.6.1.jar:/Users/mac/MavenRepository/io/swagger/swagger-annotations/1.5.10/swagger-annotations-1.5.10.jar:/Users/mac/MavenRepository/io/swagger/swagger-models/1.5.10/swagger-models-1.5.10.jar:/Users/mac/MavenRepository/com/fasterxml/jackson/core/jackson-annotations/2.9.0/jackson-annotations-2.9.0.jar:/Users/mac/MavenRepository/io/springfox/springfox-spi/2.6.1/springfox-spi-2.6.1.jar:/Users/mac/MavenRepository/io/springfox/springfox-core/2.6.1/springfox-core-2.6.1.jar:/Users/mac/MavenRepository/io/springfox/springfox-schema/2.6.1/springfox-schema-2.6.1.jar:/Users/mac/MavenRepository/io/springfox/springfox-swagger-common/2.6.1/springfox-swagger-common-2.6.1.jar:/Users/mac/MavenRepository/io/springfox/springfox-spring-web/2.6.1/springfox-spring-web-2.6.1.jar:/Users/mac/MavenRepository/com/google/guava/guava/18.0/guava-18.0.jar:/Users/mac/MavenRepository/com/fasterxml/classmate/1.4.0/classmate-1.4.0.jar:/Users/mac/MavenRepository/org/slf4j/slf4j-api/1.7.26/slf4j-api-1.7.26.jar:/Users/mac/MavenRepository/org/springframework/plugin/spring-plugin-core/1.2.0.RELEASE/spring-plugin-core-1.2.0.RELEASE.jar:/Users/mac/MavenRepository/org/springframework/plugin/spring-plugin-metadata/1.2.0.RELEASE/spring-plugin-metadata-1.2.0.RELEASE.jar:/Users/mac/MavenRepository/org/mapstruct/mapstruct/1.0.0.Final/mapstruct-1.0.0.Final.jar:/Users/mac/MavenRepository/io/springfox/springfox-swagger-ui/2.6.1/springfox-swagger-ui-2.6.1.jar:/Users/mac/MavenRepository/mysql/mysql-connector-java/8.0.16/mysql-connector-java-8.0.16.jar:/Users/mac/MavenRepository/org/mybatis/spring/boot/mybatis-spring-boot-starter/1.3.2/mybatis-spring-boot-starter-1.3.2.jar:/Users/mac/MavenRepository/org/springframework/boot/spring-boot-starter-jdbc/2.1.5.RELEASE/spring-boot-starter-jdbc-2.1.5.RELEASE.jar:/Users/mac/MavenRepository/com/zaxxer/HikariCP/3.2.0/HikariCP-3.2.0.jar:/Users/mac/MavenRepository/org/springframework/spring-jdbc/5.1.7.RELEASE/spring-jdbc-5.1.7.RELEASE.jar:/Users/mac/MavenRepository/org/springframework/spring-tx/5.1.7.RELEASE/spring-tx-5.1.7.RELEASE.jar:/Users/mac/MavenRepository/org/mybatis/spring/boot/mybatis-spring-boot-autoconfigure/1.3.2/mybatis-spring-boot-autoconfigure-1.3.2.jar:/Users/mac/MavenRepository/org/mybatis/mybatis/3.4.6/mybatis-3.4.6.jar:/Users/mac/MavenRepository/org/mybatis/mybatis-spring/1.3.2/mybatis-spring-1.3.2.jar:/Users/mac/MavenRepository/com/vaadin/external/google/android-json/0.0.20131108.vaadin1/android-json-0.0.20131108.vaadin1.jar:/Users/mac/MavenRepository/net/sf/json-lib/json-lib/2.4/json-lib-2.4-jdk15.jar:/Users/mac/MavenRepository/commons-beanutils/commons-beanutils/1.8.0/commons-beanutils-1.8.0.jar:/Users/mac/MavenRepository/commons-collections/commons-collections/3.2.1/commons-collections-3.2.1.jar:/Users/mac/MavenRepository/commons-lang/commons-lang/2.5/commons-lang-2.5.jar:/Users/mac/MavenRepository/commons-logging/commons-logging/1.1.1/commons-logging-1.1.1.jar:/Users/mac/MavenRepository/net/sf/ezmorph/ezmorph/1.0.6/ezmorph-1.0.6.jar:"/>
    <property name="sun.cpu.endian" value="little"/>
    <property name="user.home" value="/Users/mac"/>
    <property name="user.language" value="zh"/>
    <property name="java.specification.vendor" value="Oracle Corporation"/>
    <property name="java.home" value="/Library/Java/JavaVirtualMachines/jdk1.8.0_60.jdk/Contents/Home/jre"/>
    <property name="basedir" value="/Users/mac/Desktop/server/zhaopin"/>
    <property name="file.separator" value="/"/>
    <property name="line.separator" value="&#10;"/>
    <property name="java.vm.specification.vendor" value="Oracle Corporation"/>
    <property name="java.specification.name" value="Java Platform API Specification"/>
    <property name="java.awt.graphicsenv" value="sun.awt.CGraphicsEnvironment"/>
    <property name="surefire.real.class.path" value="/Users/mac/Desktop/server/zhaopin/target/surefire/surefirebooter6483605566211999715.jar"/>
    <property name="sun.boot.class.path" value="/Library/Java/JavaVirtualMachines/jdk1.8.0_60.jdk/Contents/Home/jre/lib/resources.jar:/Library/Java/JavaVirtualMachines/jdk1.8.0_60.jdk/Contents/Home/jre/lib/rt.jar:/Library/Java/JavaVirtualMachines/jdk1.8.0_60.jdk/Contents/Home/jre/lib/sunrsasign.jar:/Library/Java/JavaVirtualMachines/jdk1.8.0_60.jdk/Contents/Home/jre/lib/jsse.jar:/Library/Java/JavaVirtualMachines/jdk1.8.0_60.jdk/Contents/Home/jre/lib/jce.jar:/Library/Java/JavaVirtualMachines/jdk1.8.0_60.jdk/Contents/Home/jre/lib/charsets.jar:/Library/Java/JavaVirtualMachines/jdk1.8.0_60.jdk/Contents/Home/jre/lib/jfr.jar:/Library/Java/JavaVirtualMachines/jdk1.8.0_60.jdk/Contents/Home/jre/classes"/>
    <property name="sun.management.compiler" value="HotSpot 64-Bit Tiered Compilers"/>
    <property name="ftp.nonProxyHosts" value="local|*.local|169.254/16|*.169.254/16"/>
    <property name="java.runtime.version" value="1.8.0_60-b27"/>
    <property name="user.name" value="liuyr"/>
    <property name="path.separator" value=":"/>
    <property name="os.version" value="10.15.1"/>
    <property name="java.endorsed.dirs" value="/Library/Java/JavaVirtualMachines/jdk1.8.0_60.jdk/Contents/Home/jre/lib/endorsed"/>
    <property name="java.runtime.name" value="Java(TM) SE Runtime Environment"/>
    <property name="file.encoding" value="UTF-8"/>
    <property name="java.vm.name" value="Java HotSpot(TM) 64-Bit Server VM"/>
    <property name="localRepository" value="/Users/mac/MavenRepository"/>
    <property name="java.vendor.url.bug" value="http://bugreport.sun.com/bugreport/"/>
    <property name="java.io.tmpdir" value="/var/folders/hg/tfght5fx6kv476y_bpb039qh0000gn/T/"/>
    <property name="java.version" value="1.8.0_60"/>
    <property name="user.dir" value="/Users/mac/Desktop/server/zhaopin"/>
    <property name="os.arch" value="x86_64"/>
    <property name="java.vm.specification.name" value="Java Virtual Machine Specification"/>
    <property name="java.awt.printerjob" value="sun.lwawt.macosx.CPrinterJob"/>
    <property name="sun.os.patch.level" value="unknown"/>
    <property name="java.library.path" value="/Users/mac/Library/Java/Extensions:/Library/Java/Extensions:/Network/Library/Java/Extensions:/System/Library/Java/Extensions:/usr/lib/java:."/>
    <property name="java.vm.info" value="mixed mode"/>
    <property name="java.vendor" value="Oracle Corporation"/>
    <property name="java.vm.version" value="25.60-b23"/>
    <property name="java.ext.dirs" value="/Users/mac/Library/Java/Extensions:/Library/Java/JavaVirtualMachines/jdk1.8.0_60.jdk/Contents/Home/jre/lib/ext:/Library/Java/Extensions:/Network/Library/Java/Extensions:/System/Library/Java/Extensions:/usr/lib/java"/>
    <property name="sun.io.unicode.encoding" value="UnicodeBig"/>
    <property name="java.class.version" value="52.0"/>
    <property name="socksNonProxyHosts" value="local|*.local|169.254/16|*.169.254/16"/>
  </properties>
  <testcase name="contextLoads" classname="com.briup.apps.zhaopin.ZhaopinApplicationTests" time="0.291"/>
</testsuite>